dashp@3901C504865LM:~/Desktop/cleo/Packer$ packer build -var-file=wordpress-variable.json wordpress.json
amazon-ebs output will be in this color.

==> amazon-ebs: Prevalidating AMI Name...
    amazon-ebs: Found Image ID: ami-3dec9947
==> amazon-ebs: Creating temporary keypair: packer_5a4a3bdb-82f1-20ce-79c3-33644df290ef
==> amazon-ebs: Creating temporary security group for this instance...
==> amazon-ebs: Authorizing access to port 22 the temporary security group...
==> amazon-ebs: Launching a source AWS instance...
    amazon-ebs: Instance ID: i-08ee876c937225c0c
==> amazon-ebs: Waiting for instance (i-08ee876c937225c0c) to become ready...
==> amazon-ebs: Adding tags to source instance
    amazon-ebs: Adding tag: "Name": "Packer Builder"
==> amazon-ebs: Waiting for SSH to become available...
==> amazon-ebs: Connected to SSH!
==> amazon-ebs: Uploading ../monit => /tmp
==> amazon-ebs: Uploading ../monit/awslogs => /tmp/awslogs
==> amazon-ebs: Provisioning with shell script: /var/folders/jh/8jc576kn6b36gtksh6gcqtbc6125hm/T/packer-shell291912838
==> amazon-ebs: Provisioning with shell script: ../scripts/provision_base.sh
    amazon-ebs: Hit:1 http://us-east-1.ec2.archive.ubuntu.com/ubuntu xenial InRelease
    amazon-ebs: Get:2 http://us-east-1.ec2.archive.ubuntu.com/ubuntu xenial-updates InRelease [102 kB]
    amazon-ebs: Get:3 http://us-east-1.ec2.archive.ubuntu.com/ubuntu xenial-backports InRelease [102 kB]
    amazon-ebs: Get:4 http://us-east-1.ec2.archive.ubuntu.com/ubuntu xenial/main Sources [868 kB]
    amazon-ebs: Get:5 http://us-east-1.ec2.archive.ubuntu.com/ubuntu xenial/restricted Sources [4,808 B]
    amazon-ebs: Get:6 http://us-east-1.ec2.archive.ubuntu.com/ubuntu xenial/universe Sources [7,728 kB]
    amazon-ebs: Get:7 http://security.ubuntu.com/ubuntu xenial-security InRelease [102 kB]
    amazon-ebs: Get:8 http://us-east-1.ec2.archive.ubuntu.com/ubuntu xenial/multiverse Sources [179 kB]
    amazon-ebs: Get:9 http://us-east-1.ec2.archive.ubuntu.com/ubuntu xenial/universe amd64 Packages [7,532 kB]
    amazon-ebs: Get:10 http://us-east-1.ec2.archive.ubuntu.com/ubuntu xenial/universe Translation-en [4,354 kB]
    amazon-ebs: Get:11 http://us-east-1.ec2.archive.ubuntu.com/ubuntu xenial/multiverse amd64 Packages [144 kB]
    amazon-ebs: Get:12 http://us-east-1.ec2.archive.ubuntu.com/ubuntu xenial/multiverse Translation-en [106 kB]
    amazon-ebs: Get:13 http://us-east-1.ec2.archive.ubuntu.com/ubuntu xenial-updates/main Sources [287 kB]
    amazon-ebs: Get:14 http://us-east-1.ec2.archive.ubuntu.com/ubuntu xenial-updates/restricted Sources [3,404 B]
    amazon-ebs: Get:15 http://us-east-1.ec2.archive.ubuntu.com/ubuntu xenial-updates/universe Sources [185 kB]
    amazon-ebs: Get:16 http://us-east-1.ec2.archive.ubuntu.com/ubuntu xenial-updates/multiverse Sources [7,968 B]
    amazon-ebs: Get:17 http://us-east-1.ec2.archive.ubuntu.com/ubuntu xenial-updates/main amd64 Packages [682 kB]
    amazon-ebs: Get:18 http://us-east-1.ec2.archive.ubuntu.com/ubuntu xenial-updates/main Translation-en [285 kB]
    amazon-ebs: Get:19 http://us-east-1.ec2.archive.ubuntu.com/ubuntu xenial-updates/universe amd64 Packages [566 kB]
    amazon-ebs: Get:20 http://us-east-1.ec2.archive.ubuntu.com/ubuntu xenial-updates/universe Translation-en [229 kB]
    amazon-ebs: Get:21 http://us-east-1.ec2.archive.ubuntu.com/ubuntu xenial-updates/multiverse amd64 Packages [16.2 kB]
    amazon-ebs: Get:22 http://us-east-1.ec2.archive.ubuntu.com/ubuntu xenial-updates/multiverse Translation-en [8,052 B]
    amazon-ebs: Get:23 http://us-east-1.ec2.archive.ubuntu.com/ubuntu xenial-backports/main Sources [3,436 B]
    amazon-ebs: Get:24 http://us-east-1.ec2.archive.ubuntu.com/ubuntu xenial-backports/universe Sources [4,908 B]
    amazon-ebs: Get:25 http://us-east-1.ec2.archive.ubuntu.com/ubuntu xenial-backports/main amd64 Packages [4,840 B]
    amazon-ebs: Get:26 http://us-east-1.ec2.archive.ubuntu.com/ubuntu xenial-backports/main Translation-en [3,220 B]
    amazon-ebs: Get:27 http://us-east-1.ec2.archive.ubuntu.com/ubuntu xenial-backports/universe amd64 Packages [6,612 B]
    amazon-ebs: Get:28 http://security.ubuntu.com/ubuntu xenial-security/main Sources [104 kB]
    amazon-ebs: Get:29 http://us-east-1.ec2.archive.ubuntu.com/ubuntu xenial-backports/universe Translation-en [3,768 B]
    amazon-ebs: Get:30 http://security.ubuntu.com/ubuntu xenial-security/restricted Sources [2,600 B]
    amazon-ebs: Get:31 http://security.ubuntu.com/ubuntu xenial-security/universe Sources [48.9 kB]
    amazon-ebs: Get:32 http://security.ubuntu.com/ubuntu xenial-security/multiverse Sources [1,520 B]
    amazon-ebs: Get:33 http://security.ubuntu.com/ubuntu xenial-security/main amd64 Packages [409 kB]
    amazon-ebs: Get:34 http://security.ubuntu.com/ubuntu xenial-security/main Translation-en [180 kB]
    amazon-ebs: Get:35 http://security.ubuntu.com/ubuntu xenial-security/universe amd64 Packages [191 kB]
    amazon-ebs: Get:36 http://security.ubuntu.com/ubuntu xenial-security/universe Translation-en [99.1 kB]
    amazon-ebs: Get:37 http://security.ubuntu.com/ubuntu xenial-security/multiverse amd64 Packages [3,208 B]
    amazon-ebs: Get:38 http://security.ubuntu.com/ubuntu xenial-security/multiverse Translation-en [1,408 B]
    amazon-ebs: Fetched 24.6 MB in 4s (5,871 kB/s)
    amazon-ebs: Reading package lists...
    amazon-ebs: Reading package lists...
    amazon-ebs: Building dependency tree...
    amazon-ebs: Reading state information...
    amazon-ebs: Reading package lists...
    amazon-ebs: E: Unable to locate package linux-image-extra-4.4.0-1043-aws
    amazon-ebs: E: Couldn't find any package by glob 'linux-image-extra-4.4.0-1043-aws'
    amazon-ebs: E: Couldn't find any package by regex 'linux-image-extra-4.4.0-1043-aws'
    amazon-ebs: Building dependency tree...
    amazon-ebs: Reading state information...
    amazon-ebs: apt-transport-https is already the newest version (1.2.24).
    amazon-ebs: ca-certificates is already the newest version (20170717~16.04.1).
    amazon-ebs: curl is already the newest version (7.47.0-1ubuntu2.5).
    amazon-ebs: software-properties-common is already the newest version (0.96.20.7).
    amazon-ebs: 0 upgraded, 0 newly installed, 0 to remove and 14 not upgraded.
    amazon-ebs: OK
    amazon-ebs: pub   4096R/0EBFCD88 2017-02-22
    amazon-ebs: Key fingerprint = 9DC8 5822 9FC7 DD38 854A  E2D8 8D81 803C 0EBF CD88
    amazon-ebs: uid                  Docker Release (CE deb) <docker@docker.com>
    amazon-ebs: sub   4096R/F273FCD8 2017-02-22
    amazon-ebs:
    amazon-ebs: Hit:1 http://us-east-1.ec2.archive.ubuntu.com/ubuntu xenial InRelease
    amazon-ebs: Hit:2 http://us-east-1.ec2.archive.ubuntu.com/ubuntu xenial-updates InRelease
    amazon-ebs: Hit:3 http://us-east-1.ec2.archive.ubuntu.com/ubuntu xenial-backports InRelease
    amazon-ebs: Hit:4 http://security.ubuntu.com/ubuntu xenial-security InRelease
    amazon-ebs: Get:5 https://download.docker.com/linux/ubuntu xenial InRelease [49.8 kB]
    amazon-ebs: Get:6 https://download.docker.com/linux/ubuntu xenial/stable amd64 Packages [3,150 B]
    amazon-ebs: Fetched 53.0 kB in 0s (165 kB/s)
    amazon-ebs: Reading package lists...
    amazon-ebs: Reading package lists...
    amazon-ebs: Building dependency tree...
    amazon-ebs: Reading state information...
    amazon-ebs: The following additional packages will be installed:
    amazon-ebs: aufs-tools cgroupfs-mount libltdl7
    amazon-ebs: Suggested packages:
    amazon-ebs: mountall
    amazon-ebs: The following NEW packages will be installed:
    amazon-ebs: aufs-tools cgroupfs-mount docker-ce libltdl7
    amazon-ebs: 0 upgraded, 4 newly installed, 0 to remove and 14 not upgraded.
    amazon-ebs: Need to get 30.3 MB of archives.
    amazon-ebs: After this operation, 149 MB of additional disk space will be used.
    amazon-ebs: Get:1 http://us-east-1.ec2.archive.ubuntu.com/ubuntu xenial/universe amd64 aufs-tools amd64 1:3.2+20130722-1.1ubuntu1 [92.9 kB]
    amazon-ebs: Get:2 http://us-east-1.ec2.archive.ubuntu.com/ubuntu xenial/universe amd64 cgroupfs-mount all 1.2 [4,970 B]
    amazon-ebs: Get:3 http://us-east-1.ec2.archive.ubuntu.com/ubuntu xenial/main amd64 libltdl7 amd64 2.4.6-0.1 [38.3 kB]
    amazon-ebs: Get:4 https://download.docker.com/linux/ubuntu xenial/stable amd64 docker-ce amd64 17.12.0~ce-0~ubuntu [30.2 MB]
    amazon-ebs: debconf: unable to initialize frontend: Dialog
    amazon-ebs: debconf: (Dialog frontend will not work on a dumb terminal, an emacs shell buffer, or without a controlling terminal.)
    amazon-ebs: debconf: falling back to frontend: Readline
    amazon-ebs: debconf: unable to initialize frontend: Readline
    amazon-ebs: debconf: (This frontend requires a controlling tty.)
    amazon-ebs: debconf: falling back to frontend: Teletype
    amazon-ebs: dpkg-preconfigure: unable to re-open stdin:
    amazon-ebs: Fetched 30.3 MB in 1s (24.5 MB/s)
    amazon-ebs: Selecting previously unselected package aufs-tools.
    amazon-ebs: (Reading database ... 51110 files and directories currently installed.)
    amazon-ebs: Preparing to unpack .../aufs-tools_1%3a3.2+20130722-1.1ubuntu1_amd64.deb ...
    amazon-ebs: Unpacking aufs-tools (1:3.2+20130722-1.1ubuntu1) ...
    amazon-ebs: Selecting previously unselected package cgroupfs-mount.
    amazon-ebs: Preparing to unpack .../cgroupfs-mount_1.2_all.deb ...
    amazon-ebs: Unpacking cgroupfs-mount (1.2) ...
    amazon-ebs: Selecting previously unselected package libltdl7:amd64.
    amazon-ebs: Preparing to unpack .../libltdl7_2.4.6-0.1_amd64.deb ...
    amazon-ebs: Unpacking libltdl7:amd64 (2.4.6-0.1) ...
    amazon-ebs: Selecting previously unselected package docker-ce.
    amazon-ebs: Preparing to unpack .../docker-ce_17.12.0~ce-0~ubuntu_amd64.deb ...
    amazon-ebs: Unpacking docker-ce (17.12.0~ce-0~ubuntu) ...
    amazon-ebs: Processing triggers for libc-bin (2.23-0ubuntu9) ...
    amazon-ebs: Processing triggers for man-db (2.7.5-1) ...
    amazon-ebs: Processing triggers for ureadahead (0.100.0-19) ...
    amazon-ebs: Processing triggers for systemd (229-4ubuntu21) ...
    amazon-ebs: Setting up aufs-tools (1:3.2+20130722-1.1ubuntu1) ...
    amazon-ebs: Setting up cgroupfs-mount (1.2) ...
    amazon-ebs: Setting up libltdl7:amd64 (2.4.6-0.1) ...
    amazon-ebs: Setting up docker-ce (17.12.0~ce-0~ubuntu) ...
    amazon-ebs: Processing triggers for libc-bin (2.23-0ubuntu9) ...
    amazon-ebs: Processing triggers for systemd (229-4ubuntu21) ...
    amazon-ebs: Processing triggers for ureadahead (0.100.0-19) ...
    amazon-ebs: Finishhed Installing Docker Deamon
    amazon-ebs: Reading package lists...
    amazon-ebs: Building dependency tree...
    amazon-ebs: Reading state information...
    amazon-ebs: Suggested packages:
    amazon-ebs: exim4 | postfix | mail-transport-agent sysvinit-core
    amazon-ebs: The following NEW packages will be installed:
    amazon-ebs: monit
    amazon-ebs: 0 upgraded, 1 newly installed, 0 to remove and 14 not upgraded.
    amazon-ebs: Need to get 273 kB of archives.
    amazon-ebs: After this operation, 826 kB of additional disk space will be used.
    amazon-ebs: Get:1 http://us-east-1.ec2.archive.ubuntu.com/ubuntu xenial/universe amd64 monit amd64 1:5.16-2 [273 kB]
    amazon-ebs: debconf: unable to initialize frontend: Dialog
    amazon-ebs: debconf: (Dialog frontend will not work on a dumb terminal, an emacs shell buffer, or without a controlling terminal.)
    amazon-ebs: debconf: falling back to frontend: Readline
    amazon-ebs: debconf: unable to initialize frontend: Readline
    amazon-ebs: debconf: (This frontend requires a controlling tty.)
    amazon-ebs: debconf: falling back to frontend: Teletype
    amazon-ebs: dpkg-preconfigure: unable to re-open stdin:
    amazon-ebs: Fetched 273 kB in 0s (14.8 MB/s)
    amazon-ebs: Selecting previously unselected package monit.
    amazon-ebs: (Reading database ... 51393 files and directories currently installed.)
    amazon-ebs: Preparing to unpack .../monit_1%3a5.16-2_amd64.deb ...
    amazon-ebs: Unpacking monit (1:5.16-2) ...
    amazon-ebs: Processing triggers for systemd (229-4ubuntu21) ...
    amazon-ebs: Processing triggers for ureadahead (0.100.0-19) ...
    amazon-ebs: Processing triggers for man-db (2.7.5-1) ...
    amazon-ebs: Setting up monit (1:5.16-2) ...
    amazon-ebs: Processing triggers for systemd (229-4ubuntu21) ...
    amazon-ebs: Processing triggers for ureadahead (0.100.0-19) ...
    amazon-ebs: * Putting the following services under Monit control *
    amazon-ebs: - awslogs
    amazon-ebs: - crond
    amazon-ebs: - sshd
    amazon-ebs: Cleaning up Temp Directories
    amazon-ebs: Reading package lists...
    amazon-ebs: Building dependency tree...
    amazon-ebs: Reading state information...
    amazon-ebs: python3 is already the newest version (3.5.1-3).
    amazon-ebs: The following additional packages will be installed:
    amazon-ebs: apache2 apache2-bin apache2-data apache2-utils binutils build-essential cpp
    amazon-ebs: cpp-5 dpkg-dev fakeroot fontconfig-config fonts-dejavu-core g++ g++-5 gcc
    amazon-ebs: gcc-5 libalgorithm-diff-perl libalgorithm-diff-xs-perl
    amazon-ebs: libalgorithm-merge-perl libapr1 libaprutil1 libaprutil1-dbd-sqlite3
    amazon-ebs: libaprutil1-ldap libasan2 libatomic1 libc-dev-bin libc6-dev libcc1-0
    amazon-ebs: libcilkrts5 libdpkg-perl libexpat1-dev libfakeroot libfile-fcntllock-perl
    amazon-ebs: libfontconfig1 libgcc-5-dev libgd3 libgomp1 libisl15 libitm1 libjbig0
    amazon-ebs: libjpeg-turbo8 libjpeg8 liblsan0 liblua5.1-0 libmpc3 libmpx0 libonig2
    amazon-ebs: libpython3-dev libpython3.5-dev libquadmath0 libstdc++-5-dev libtiff5
    amazon-ebs: libtsan0 libubsan0 libvpx3 libxpm4 linux-libc-dev make manpages-dev
    amazon-ebs: php-common php7.0-common php7.0-json php7.0-opcache php7.0-readline
    amazon-ebs: python-pip-whl python3-dev python3-setuptools python3-wheel python3.5-dev
    amazon-ebs: ssl-cert
    amazon-ebs: Suggested packages:
    amazon-ebs: www-browser apache2-doc apache2-suexec-pristine | apache2-suexec-custom
    amazon-ebs: binutils-doc cpp-doc gcc-5-locales debian-keyring g++-multilib
    amazon-ebs: g++-5-multilib gcc-5-doc libstdc++6-5-dbg gcc-multilib autoconf automake
    amazon-ebs: libtool flex bison gdb gcc-doc gcc-5-multilib libgcc1-dbg libgomp1-dbg
    amazon-ebs: libitm1-dbg libatomic1-dbg libasan2-dbg liblsan0-dbg libtsan0-dbg
    amazon-ebs: libubsan0-dbg libcilkrts5-dbg libmpx0-dbg libquadmath0-dbg php-pear
    amazon-ebs: glibc-doc libgd-tools libstdc++-5-doc make-doc python-setuptools-doc
    amazon-ebs: openssl-blacklist zip
    amazon-ebs: The following NEW packages will be installed:
    amazon-ebs: apache2 apache2-bin apache2-data apache2-utils binutils build-essential cpp
    amazon-ebs: cpp-5 dpkg-dev fakeroot fontconfig-config fonts-dejavu-core g++ g++-5 gcc
    amazon-ebs: gcc-5 jq libalgorithm-diff-perl libalgorithm-diff-xs-perl
    amazon-ebs: libalgorithm-merge-perl libapache2-mod-php7.0 libapr1 libaprutil1
    amazon-ebs: libaprutil1-dbd-sqlite3 libaprutil1-ldap libasan2 libatomic1 libc-dev-bin
    amazon-ebs: libc6-dev libcc1-0 libcilkrts5 libdpkg-perl libexpat1-dev libfakeroot
    amazon-ebs: libfile-fcntllock-perl libfontconfig1 libgcc-5-dev libgd3 libgomp1 libisl15
    amazon-ebs: libitm1 libjbig0 libjpeg-turbo8 libjpeg8 liblsan0 liblua5.1-0 libmpc3
    amazon-ebs: libmpx0 libonig2 libpython3-dev libpython3.5-dev libquadmath0
    amazon-ebs: libstdc++-5-dev libtiff5 libtsan0 libubsan0 libvpx3 libxpm4 linux-libc-dev
    amazon-ebs: make manpages-dev php-common php7.0 php7.0-cgi php7.0-cli php7.0-common
    amazon-ebs: php7.0-gd php7.0-json php7.0-mysql php7.0-opcache php7.0-readline
    amazon-ebs: python-pip-whl python3-dev python3-pip python3-setuptools python3-wheel
    amazon-ebs: python3.5-dev ssl-cert unzip
    amazon-ebs: 0 upgraded, 79 newly installed, 0 to remove and 14 not upgraded.
    amazon-ebs: Need to get 87.0 MB of archives.
    amazon-ebs: After this operation, 240 MB of additional disk space will be used.
    amazon-ebs: Get:1 http://us-east-1.ec2.archive.ubuntu.com/ubuntu xenial/main amd64 libapr1 amd64 1.5.2-3 [86.0 kB]
    amazon-ebs: Get:2 http://us-east-1.ec2.archive.ubuntu.com/ubuntu xenial/main amd64 libaprutil1 amd64 1.5.4-1build1 [77.1 kB]
    amazon-ebs: Get:3 http://us-east-1.ec2.archive.ubuntu.com/ubuntu xenial/main amd64 libaprutil1-dbd-sqlite3 amd64 1.5.4-1build1 [10.6 kB]
    amazon-ebs: Get:4 http://us-east-1.ec2.archive.ubuntu.com/ubuntu xenial/main amd64 libaprutil1-ldap amd64 1.5.4-1build1 [8,720 B]
    amazon-ebs: Get:5 http://us-east-1.ec2.archive.ubuntu.com/ubuntu xenial/main amd64 liblua5.1-0 amd64 5.1.5-8ubuntu1 [102 kB]
    amazon-ebs: Get:6 http://us-east-1.ec2.archive.ubuntu.com/ubuntu xenial-updates/main amd64 apache2-bin amd64 2.4.18-2ubuntu3.5 [925 kB]
    amazon-ebs: Get:7 http://us-east-1.ec2.archive.ubuntu.com/ubuntu xenial-updates/main amd64 apache2-utils amd64 2.4.18-2ubuntu3.5 [82.3 kB]
    amazon-ebs: Get:8 http://us-east-1.ec2.archive.ubuntu.com/ubuntu xenial-updates/main amd64 apache2-data all 2.4.18-2ubuntu3.5 [162 kB]
    amazon-ebs: Get:9 http://us-east-1.ec2.archive.ubuntu.com/ubuntu xenial-updates/main amd64 apache2 amd64 2.4.18-2ubuntu3.5 [86.7 kB]
    amazon-ebs: Get:10 http://us-east-1.ec2.archive.ubuntu.com/ubuntu xenial/main amd64 libjpeg-turbo8 amd64 1.4.2-0ubuntu3 [111 kB]
    amazon-ebs: Get:11 http://us-east-1.ec2.archive.ubuntu.com/ubuntu xenial/universe amd64 libonig2 amd64 5.9.6-1 [88.1 kB]
    amazon-ebs: Get:12 http://us-east-1.ec2.archive.ubuntu.com/ubuntu xenial/main amd64 libjbig0 amd64 2.1-3.1 [26.6 kB]
    amazon-ebs: Get:13 http://us-east-1.ec2.archive.ubuntu.com/ubuntu xenial/main amd64 libmpc3 amd64 1.0.3-1 [39.7 kB]
    amazon-ebs: Get:14 http://us-east-1.ec2.archive.ubuntu.com/ubuntu xenial-updates/main amd64 binutils amd64 2.26.1-1ubuntu1~16.04.5 [2,311 kB]
    amazon-ebs: Get:15 http://us-east-1.ec2.archive.ubuntu.com/ubuntu xenial-updates/main amd64 libc-dev-bin amd64 2.23-0ubuntu9 [68.6 kB]
    amazon-ebs: Get:16 http://us-east-1.ec2.archive.ubuntu.com/ubuntu xenial-updates/main amd64 linux-libc-dev amd64 4.4.0-104.127 [835 kB]
    amazon-ebs: Get:17 http://us-east-1.ec2.archive.ubuntu.com/ubuntu xenial-updates/main amd64 libc6-dev amd64 2.23-0ubuntu9 [2,082 kB]
    amazon-ebs: Get:18 http://us-east-1.ec2.archive.ubuntu.com/ubuntu xenial/main amd64 libisl15 amd64 0.16.1-1 [524 kB]
    amazon-ebs: Get:19 http://us-east-1.ec2.archive.ubuntu.com/ubuntu xenial-updates/main amd64 cpp-5 amd64 5.4.0-6ubuntu1~16.04.5 [7,786 kB]
    amazon-ebs: Get:20 http://us-east-1.ec2.archive.ubuntu.com/ubuntu xenial/main amd64 cpp amd64 4:5.3.1-1ubuntu1 [27.7 kB]
    amazon-ebs: Get:21 http://us-east-1.ec2.archive.ubuntu.com/ubuntu xenial-updates/main amd64 libcc1-0 amd64 5.4.0-6ubuntu1~16.04.5 [38.8 kB]
    amazon-ebs: Get:22 http://us-east-1.ec2.archive.ubuntu.com/ubuntu xenial-updates/main amd64 libgomp1 amd64 5.4.0-6ubuntu1~16.04.5 [55.1 kB]
    amazon-ebs: Get:23 http://us-east-1.ec2.archive.ubuntu.com/ubuntu xenial-updates/main amd64 libitm1 amd64 5.4.0-6ubuntu1~16.04.5 [27.4 kB]
    amazon-ebs: Get:24 http://us-east-1.ec2.archive.ubuntu.com/ubuntu xenial-updates/main amd64 libatomic1 amd64 5.4.0-6ubuntu1~16.04.5 [8,920 B]
    amazon-ebs: Get:25 http://us-east-1.ec2.archive.ubuntu.com/ubuntu xenial-updates/main amd64 libasan2 amd64 5.4.0-6ubuntu1~16.04.5 [264 kB]
    amazon-ebs: Get:26 http://us-east-1.ec2.archive.ubuntu.com/ubuntu xenial-updates/main amd64 liblsan0 amd64 5.4.0-6ubuntu1~16.04.5 [105 kB]
    amazon-ebs: Get:27 http://us-east-1.ec2.archive.ubuntu.com/ubuntu xenial-updates/main amd64 libtsan0 amd64 5.4.0-6ubuntu1~16.04.5 [244 kB]
    amazon-ebs: Get:28 http://us-east-1.ec2.archive.ubuntu.com/ubuntu xenial-updates/main amd64 libubsan0 amd64 5.4.0-6ubuntu1~16.04.5 [95.3 kB]
    amazon-ebs: Get:29 http://us-east-1.ec2.archive.ubuntu.com/ubuntu xenial-updates/main amd64 libcilkrts5 amd64 5.4.0-6ubuntu1~16.04.5 [40.1 kB]
    amazon-ebs: Get:30 http://us-east-1.ec2.archive.ubuntu.com/ubuntu xenial-updates/main amd64 libmpx0 amd64 5.4.0-6ubuntu1~16.04.5 [9,786 B]
    amazon-ebs: Get:31 http://us-east-1.ec2.archive.ubuntu.com/ubuntu xenial-updates/main amd64 libquadmath0 amd64 5.4.0-6ubuntu1~16.04.5 [131 kB]
    amazon-ebs: Get:32 http://us-east-1.ec2.archive.ubuntu.com/ubuntu xenial-updates/main amd64 libgcc-5-dev amd64 5.4.0-6ubuntu1~16.04.5 [2,226 kB]
    amazon-ebs: Get:33 http://us-east-1.ec2.archive.ubuntu.com/ubuntu xenial-updates/main amd64 gcc-5 amd64 5.4.0-6ubuntu1~16.04.5 [8,638 kB]
    amazon-ebs: Get:34 http://us-east-1.ec2.archive.ubuntu.com/ubuntu xenial/main amd64 gcc amd64 4:5.3.1-1ubuntu1 [5,244 B]
    amazon-ebs: Get:35 http://us-east-1.ec2.archive.ubuntu.com/ubuntu xenial-updates/main amd64 libstdc++-5-dev amd64 5.4.0-6ubuntu1~16.04.5 [1,430 kB]
    amazon-ebs: Get:36 http://us-east-1.ec2.archive.ubuntu.com/ubuntu xenial-updates/main amd64 g++-5 amd64 5.4.0-6ubuntu1~16.04.5 [8,435 kB]
    amazon-ebs: Get:37 http://us-east-1.ec2.archive.ubuntu.com/ubuntu xenial/main amd64 g++ amd64 4:5.3.1-1ubuntu1 [1,504 B]
    amazon-ebs: Get:38 http://us-east-1.ec2.archive.ubuntu.com/ubuntu xenial/main amd64 make amd64 4.1-6 [151 kB]
    amazon-ebs: Get:39 http://us-east-1.ec2.archive.ubuntu.com/ubuntu xenial-updates/main amd64 libdpkg-perl all 1.18.4ubuntu1.3 [195 kB]
    amazon-ebs: Get:40 http://us-east-1.ec2.archive.ubuntu.com/ubuntu xenial-updates/main amd64 dpkg-dev all 1.18.4ubuntu1.3 [584 kB]
    amazon-ebs: Get:41 http://us-east-1.ec2.archive.ubuntu.com/ubuntu xenial/main amd64 build-essential amd64 12.1ubuntu2 [4,758 B]
    amazon-ebs: Get:42 http://us-east-1.ec2.archive.ubuntu.com/ubuntu xenial/main amd64 libfakeroot amd64 1.20.2-1ubuntu1 [25.5 kB]
    amazon-ebs: Get:43 http://us-east-1.ec2.archive.ubuntu.com/ubuntu xenial/main amd64 fakeroot amd64 1.20.2-1ubuntu1 [61.8 kB]
    amazon-ebs: Get:44 http://us-east-1.ec2.archive.ubuntu.com/ubuntu xenial/main amd64 fonts-dejavu-core all 2.35-1 [1,039 kB]
    amazon-ebs: Get:45 http://us-east-1.ec2.archive.ubuntu.com/ubuntu xenial-updates/main amd64 fontconfig-config all 2.11.94-0ubuntu1.1 [49.9 kB]
    amazon-ebs: Get:46 http://us-east-1.ec2.archive.ubuntu.com/ubuntu xenial/universe amd64 jq amd64 1.5+dfsg-1 [144 kB]
    amazon-ebs: Get:47 http://us-east-1.ec2.archive.ubuntu.com/ubuntu xenial/main amd64 libalgorithm-diff-perl all 1.19.03-1 [47.6 kB]
    amazon-ebs: Get:48 http://us-east-1.ec2.archive.ubuntu.com/ubuntu xenial/main amd64 libalgorithm-diff-xs-perl amd64 0.04-4build1 [11.0 kB]
    amazon-ebs: Get:49 http://us-east-1.ec2.archive.ubuntu.com/ubuntu xenial/main amd64 libalgorithm-merge-perl all 0.08-3 [12.0 kB]
    amazon-ebs: Get:50 http://us-east-1.ec2.archive.ubuntu.com/ubuntu xenial/main amd64 php-common all 1:35ubuntu6 [10.8 kB]
    amazon-ebs: Get:51 http://us-east-1.ec2.archive.ubuntu.com/ubuntu xenial-updates/main amd64 php7.0-common amd64 7.0.22-0ubuntu0.16.04.1 [843 kB]
    amazon-ebs: Get:52 http://us-east-1.ec2.archive.ubuntu.com/ubuntu xenial-updates/main amd64 php7.0-json amd64 7.0.22-0ubuntu0.16.04.1 [16.9 kB]
    amazon-ebs: Get:53 http://us-east-1.ec2.archive.ubuntu.com/ubuntu xenial-updates/main amd64 php7.0-opcache amd64 7.0.22-0ubuntu0.16.04.1 [77.1 kB]
    amazon-ebs: Get:54 http://us-east-1.ec2.archive.ubuntu.com/ubuntu xenial-updates/main amd64 php7.0-readline amd64 7.0.22-0ubuntu0.16.04.1 [12.8 kB]
    amazon-ebs: Get:55 http://us-east-1.ec2.archive.ubuntu.com/ubuntu xenial-updates/main amd64 php7.0-cli amd64 7.0.22-0ubuntu0.16.04.1 [1,287 kB]
    amazon-ebs: Get:56 http://us-east-1.ec2.archive.ubuntu.com/ubuntu xenial-updates/main amd64 libapache2-mod-php7.0 amd64 7.0.22-0ubuntu0.16.04.1 [1,229 kB]
    amazon-ebs: Get:57 http://us-east-1.ec2.archive.ubuntu.com/ubuntu xenial-updates/main amd64 libexpat1-dev amd64 2.1.0-7ubuntu0.16.04.3 [115 kB]
    amazon-ebs: Get:58 http://us-east-1.ec2.archive.ubuntu.com/ubuntu xenial/main amd64 libfile-fcntllock-perl amd64 0.22-3 [32.0 kB]
    amazon-ebs: Get:59 http://us-east-1.ec2.archive.ubuntu.com/ubuntu xenial-updates/main amd64 libfontconfig1 amd64 2.11.94-0ubuntu1.1 [131 kB]
    amazon-ebs: Get:60 http://us-east-1.ec2.archive.ubuntu.com/ubuntu xenial/main amd64 libjpeg8 amd64 8c-2ubuntu8 [2,194 B]
    amazon-ebs: Get:61 http://us-east-1.ec2.archive.ubuntu.com/ubuntu xenial-updates/main amd64 libtiff5 amd64 4.0.6-1ubuntu0.2 [146 kB]
    amazon-ebs: Get:62 http://us-east-1.ec2.archive.ubuntu.com/ubuntu xenial/main amd64 libvpx3 amd64 1.5.0-2ubuntu1 [732 kB]
    amazon-ebs: Get:63 http://us-east-1.ec2.archive.ubuntu.com/ubuntu xenial-updates/main amd64 libxpm4 amd64 1:3.5.11-1ubuntu0.16.04.1 [33.8 kB]
    amazon-ebs: Get:64 http://us-east-1.ec2.archive.ubuntu.com/ubuntu xenial-updates/main amd64 libgd3 amd64 2.1.1-4ubuntu0.16.04.8 [126 kB]
    amazon-ebs: Get:65 http://us-east-1.ec2.archive.ubuntu.com/ubuntu xenial-updates/main amd64 libpython3.5-dev amd64 3.5.2-2ubuntu0~16.04.4 [37.3 MB]
    amazon-ebs: Get:66 http://us-east-1.ec2.archive.ubuntu.com/ubuntu xenial/main amd64 libpython3-dev amd64 3.5.1-3 [6,926 B]
    amazon-ebs: Get:67 http://us-east-1.ec2.archive.ubuntu.com/ubuntu xenial/main amd64 manpages-dev all 4.04-2 [2,048 kB]
    amazon-ebs: Get:68 http://us-east-1.ec2.archive.ubuntu.com/ubuntu xenial-updates/main amd64 php7.0-cgi amd64 7.0.22-0ubuntu0.16.04.1 [1,249 kB]
    amazon-ebs: Get:69 http://us-east-1.ec2.archive.ubuntu.com/ubuntu xenial-updates/main amd64 php7.0 all 7.0.22-0ubuntu0.16.04.1 [1,294 B]
    amazon-ebs: Get:70 http://us-east-1.ec2.archive.ubuntu.com/ubuntu xenial-updates/main amd64 php7.0-gd amd64 7.0.22-0ubuntu0.16.04.1 [27.2 kB]
    amazon-ebs: Get:71 http://us-east-1.ec2.archive.ubuntu.com/ubuntu xenial-updates/main amd64 php7.0-mysql amd64 7.0.22-0ubuntu0.16.04.1 [124 kB]
    amazon-ebs: Get:72 http://us-east-1.ec2.archive.ubuntu.com/ubuntu xenial-updates/universe amd64 python-pip-whl all 8.1.1-2ubuntu0.4 [1,110 kB]
    amazon-ebs: Get:73 http://us-east-1.ec2.archive.ubuntu.com/ubuntu xenial-updates/main amd64 python3.5-dev amd64 3.5.2-2ubuntu0~16.04.4 [413 kB]
    amazon-ebs: Get:74 http://us-east-1.ec2.archive.ubuntu.com/ubuntu xenial/main amd64 python3-dev amd64 3.5.1-3 [1,186 B]
    amazon-ebs: Get:75 http://us-east-1.ec2.archive.ubuntu.com/ubuntu xenial-updates/universe amd64 python3-pip all 8.1.1-2ubuntu0.4 [109 kB]
    amazon-ebs: Get:76 http://us-east-1.ec2.archive.ubuntu.com/ubuntu xenial/main amd64 python3-setuptools all 20.7.0-1 [88.0 kB]
    amazon-ebs: Get:77 http://us-east-1.ec2.archive.ubuntu.com/ubuntu xenial/universe amd64 python3-wheel all 0.29.0-1 [48.1 kB]
    amazon-ebs: Get:78 http://us-east-1.ec2.archive.ubuntu.com/ubuntu xenial/main amd64 ssl-cert all 1.0.37 [16.9 kB]
    amazon-ebs: Get:79 http://us-east-1.ec2.archive.ubuntu.com/ubuntu xenial/main amd64 unzip amd64 6.0-20ubuntu1 [158 kB]
    amazon-ebs: debconf: unable to initialize frontend: Dialog
    amazon-ebs: debconf: (Dialog frontend will not work on a dumb terminal, an emacs shell buffer, or without a controlling terminal.)
    amazon-ebs: debconf: falling back to frontend: Readline
    amazon-ebs: debconf: unable to initialize frontend: Readline
    amazon-ebs: debconf: (This frontend requires a controlling tty.)
    amazon-ebs: debconf: falling back to frontend: Teletype
    amazon-ebs: dpkg-preconfigure: unable to re-open stdin:
    amazon-ebs: Fetched 87.0 MB in 1s (49.7 MB/s)
    amazon-ebs: Selecting previously unselected package libapr1:amd64.
    amazon-ebs: (Reading database ... 51437 files and directories currently installed.)
    amazon-ebs: Preparing to unpack .../libapr1_1.5.2-3_amd64.deb ...
    amazon-ebs: Unpacking libapr1:amd64 (1.5.2-3) ...
    amazon-ebs: Selecting previously unselected package libaprutil1:amd64.
    amazon-ebs: Preparing to unpack .../libaprutil1_1.5.4-1build1_amd64.deb ...
    amazon-ebs: Unpacking libaprutil1:amd64 (1.5.4-1build1) ...
    amazon-ebs: Selecting previously unselected package libaprutil1-dbd-sqlite3:amd64.
    amazon-ebs: Preparing to unpack .../libaprutil1-dbd-sqlite3_1.5.4-1build1_amd64.deb ...
    amazon-ebs: Unpacking libaprutil1-dbd-sqlite3:amd64 (1.5.4-1build1) ...
    amazon-ebs: Selecting previously unselected package libaprutil1-ldap:amd64.
    amazon-ebs: Preparing to unpack .../libaprutil1-ldap_1.5.4-1build1_amd64.deb ...
    amazon-ebs: Unpacking libaprutil1-ldap:amd64 (1.5.4-1build1) ...
    amazon-ebs: Selecting previously unselected package liblua5.1-0:amd64.
    amazon-ebs: Preparing to unpack .../liblua5.1-0_5.1.5-8ubuntu1_amd64.deb ...
    amazon-ebs: Unpacking liblua5.1-0:amd64 (5.1.5-8ubuntu1) ...
    amazon-ebs: Selecting previously unselected package apache2-bin.
    amazon-ebs: Preparing to unpack .../apache2-bin_2.4.18-2ubuntu3.5_amd64.deb ...
    amazon-ebs: Unpacking apache2-bin (2.4.18-2ubuntu3.5) ...
    amazon-ebs: Selecting previously unselected package apache2-utils.
    amazon-ebs: Preparing to unpack .../apache2-utils_2.4.18-2ubuntu3.5_amd64.deb ...
    amazon-ebs: Unpacking apache2-utils (2.4.18-2ubuntu3.5) ...
    amazon-ebs: Selecting previously unselected package apache2-data.
    amazon-ebs: Preparing to unpack .../apache2-data_2.4.18-2ubuntu3.5_all.deb ...
    amazon-ebs: Unpacking apache2-data (2.4.18-2ubuntu3.5) ...
    amazon-ebs: Selecting previously unselected package apache2.
    amazon-ebs: Preparing to unpack .../apache2_2.4.18-2ubuntu3.5_amd64.deb ...
    amazon-ebs: Unpacking apache2 (2.4.18-2ubuntu3.5) ...
    amazon-ebs: Selecting previously unselected package libjpeg-turbo8:amd64.
    amazon-ebs: Preparing to unpack .../libjpeg-turbo8_1.4.2-0ubuntu3_amd64.deb ...
    amazon-ebs: Unpacking libjpeg-turbo8:amd64 (1.4.2-0ubuntu3) ...
    amazon-ebs: Selecting previously unselected package libonig2:amd64.
    amazon-ebs: Preparing to unpack .../libonig2_5.9.6-1_amd64.deb ...
    amazon-ebs: Unpacking libonig2:amd64 (5.9.6-1) ...
    amazon-ebs: Selecting previously unselected package libjbig0:amd64.
    amazon-ebs: Preparing to unpack .../libjbig0_2.1-3.1_amd64.deb ...
    amazon-ebs: Unpacking libjbig0:amd64 (2.1-3.1) ...
    amazon-ebs: Selecting previously unselected package libmpc3:amd64.
    amazon-ebs: Preparing to unpack .../libmpc3_1.0.3-1_amd64.deb ...
    amazon-ebs: Unpacking libmpc3:amd64 (1.0.3-1) ...
    amazon-ebs: Selecting previously unselected package binutils.
    amazon-ebs: Preparing to unpack .../binutils_2.26.1-1ubuntu1~16.04.5_amd64.deb ...
    amazon-ebs: Unpacking binutils (2.26.1-1ubuntu1~16.04.5) ...
    amazon-ebs: Selecting previously unselected package libc-dev-bin.
    amazon-ebs: Preparing to unpack .../libc-dev-bin_2.23-0ubuntu9_amd64.deb ...
    amazon-ebs: Unpacking libc-dev-bin (2.23-0ubuntu9) ...
    amazon-ebs: Selecting previously unselected package linux-libc-dev:amd64.
    amazon-ebs: Preparing to unpack .../linux-libc-dev_4.4.0-104.127_amd64.deb ...
    amazon-ebs: Unpacking linux-libc-dev:amd64 (4.4.0-104.127) ...
    amazon-ebs: Selecting previously unselected package libc6-dev:amd64.
    amazon-ebs: Preparing to unpack .../libc6-dev_2.23-0ubuntu9_amd64.deb ...
    amazon-ebs: Unpacking libc6-dev:amd64 (2.23-0ubuntu9) ...
    amazon-ebs: Selecting previously unselected package libisl15:amd64.
    amazon-ebs: Preparing to unpack .../libisl15_0.16.1-1_amd64.deb ...
    amazon-ebs: Unpacking libisl15:amd64 (0.16.1-1) ...
    amazon-ebs: Selecting previously unselected package cpp-5.
    amazon-ebs: Preparing to unpack .../cpp-5_5.4.0-6ubuntu1~16.04.5_amd64.deb ...
    amazon-ebs: Unpacking cpp-5 (5.4.0-6ubuntu1~16.04.5) ...
    amazon-ebs: Selecting previously unselected package cpp.
    amazon-ebs: Preparing to unpack .../cpp_4%3a5.3.1-1ubuntu1_amd64.deb ...
    amazon-ebs: Unpacking cpp (4:5.3.1-1ubuntu1) ...
    amazon-ebs: Selecting previously unselected package libcc1-0:amd64.
    amazon-ebs: Preparing to unpack .../libcc1-0_5.4.0-6ubuntu1~16.04.5_amd64.deb ...
    amazon-ebs: Unpacking libcc1-0:amd64 (5.4.0-6ubuntu1~16.04.5) ...
    amazon-ebs: Selecting previously unselected package libgomp1:amd64.
    amazon-ebs: Preparing to unpack .../libgomp1_5.4.0-6ubuntu1~16.04.5_amd64.deb ...
    amazon-ebs: Unpacking libgomp1:amd64 (5.4.0-6ubuntu1~16.04.5) ...
    amazon-ebs: Selecting previously unselected package libitm1:amd64.
    amazon-ebs: Preparing to unpack .../libitm1_5.4.0-6ubuntu1~16.04.5_amd64.deb ...
    amazon-ebs: Unpacking libitm1:amd64 (5.4.0-6ubuntu1~16.04.5) ...
    amazon-ebs: Selecting previously unselected package libatomic1:amd64.
    amazon-ebs: Preparing to unpack .../libatomic1_5.4.0-6ubuntu1~16.04.5_amd64.deb ...
    amazon-ebs: Unpacking libatomic1:amd64 (5.4.0-6ubuntu1~16.04.5) ...
    amazon-ebs: Selecting previously unselected package libasan2:amd64.
    amazon-ebs: Preparing to unpack .../libasan2_5.4.0-6ubuntu1~16.04.5_amd64.deb ...
    amazon-ebs: Unpacking libasan2:amd64 (5.4.0-6ubuntu1~16.04.5) ...
    amazon-ebs: Selecting previously unselected package liblsan0:amd64.
    amazon-ebs: Preparing to unpack .../liblsan0_5.4.0-6ubuntu1~16.04.5_amd64.deb ...
    amazon-ebs: Unpacking liblsan0:amd64 (5.4.0-6ubuntu1~16.04.5) ...
    amazon-ebs: Selecting previously unselected package libtsan0:amd64.
    amazon-ebs: Preparing to unpack .../libtsan0_5.4.0-6ubuntu1~16.04.5_amd64.deb ...
    amazon-ebs: Unpacking libtsan0:amd64 (5.4.0-6ubuntu1~16.04.5) ...
    amazon-ebs: Selecting previously unselected package libubsan0:amd64.
    amazon-ebs: Preparing to unpack .../libubsan0_5.4.0-6ubuntu1~16.04.5_amd64.deb ...
    amazon-ebs: Unpacking libubsan0:amd64 (5.4.0-6ubuntu1~16.04.5) ...
    amazon-ebs: Selecting previously unselected package libcilkrts5:amd64.
    amazon-ebs: Preparing to unpack .../libcilkrts5_5.4.0-6ubuntu1~16.04.5_amd64.deb ...
    amazon-ebs: Unpacking libcilkrts5:amd64 (5.4.0-6ubuntu1~16.04.5) ...
    amazon-ebs: Selecting previously unselected package libmpx0:amd64.
    amazon-ebs: Preparing to unpack .../libmpx0_5.4.0-6ubuntu1~16.04.5_amd64.deb ...
    amazon-ebs: Unpacking libmpx0:amd64 (5.4.0-6ubuntu1~16.04.5) ...
    amazon-ebs: Selecting previously unselected package libquadmath0:amd64.
    amazon-ebs: Preparing to unpack .../libquadmath0_5.4.0-6ubuntu1~16.04.5_amd64.deb ...
    amazon-ebs: Unpacking libquadmath0:amd64 (5.4.0-6ubuntu1~16.04.5) ...
    amazon-ebs: Selecting previously unselected package libgcc-5-dev:amd64.
    amazon-ebs: Preparing to unpack .../libgcc-5-dev_5.4.0-6ubuntu1~16.04.5_amd64.deb ...
    amazon-ebs: Unpacking libgcc-5-dev:amd64 (5.4.0-6ubuntu1~16.04.5) ...
    amazon-ebs: Selecting previously unselected package gcc-5.
    amazon-ebs: Preparing to unpack .../gcc-5_5.4.0-6ubuntu1~16.04.5_amd64.deb ...
    amazon-ebs: Unpacking gcc-5 (5.4.0-6ubuntu1~16.04.5) ...
    amazon-ebs: Selecting previously unselected package gcc.
    amazon-ebs: Preparing to unpack .../gcc_4%3a5.3.1-1ubuntu1_amd64.deb ...
    amazon-ebs: Unpacking gcc (4:5.3.1-1ubuntu1) ...
    amazon-ebs: Selecting previously unselected package libstdc++-5-dev:amd64.
    amazon-ebs: Preparing to unpack .../libstdc++-5-dev_5.4.0-6ubuntu1~16.04.5_amd64.deb ...
    amazon-ebs: Unpacking libstdc++-5-dev:amd64 (5.4.0-6ubuntu1~16.04.5) ...
    amazon-ebs: Selecting previously unselected package g++-5.
    amazon-ebs: Preparing to unpack .../g++-5_5.4.0-6ubuntu1~16.04.5_amd64.deb ...
    amazon-ebs: Unpacking g++-5 (5.4.0-6ubuntu1~16.04.5) ...
    amazon-ebs: Selecting previously unselected package g++.
    amazon-ebs: Preparing to unpack .../g++_4%3a5.3.1-1ubuntu1_amd64.deb ...
    amazon-ebs: Unpacking g++ (4:5.3.1-1ubuntu1) ...
    amazon-ebs: Selecting previously unselected package make.
    amazon-ebs: Preparing to unpack .../archives/make_4.1-6_amd64.deb ...
    amazon-ebs: Unpacking make (4.1-6) ...
    amazon-ebs: Selecting previously unselected package libdpkg-perl.
    amazon-ebs: Preparing to unpack .../libdpkg-perl_1.18.4ubuntu1.3_all.deb ...
    amazon-ebs: Unpacking libdpkg-perl (1.18.4ubuntu1.3) ...
    amazon-ebs: Selecting previously unselected package dpkg-dev.
    amazon-ebs: Preparing to unpack .../dpkg-dev_1.18.4ubuntu1.3_all.deb ...
    amazon-ebs: Unpacking dpkg-dev (1.18.4ubuntu1.3) ...
    amazon-ebs: Selecting previously unselected package build-essential.
    amazon-ebs: Preparing to unpack .../build-essential_12.1ubuntu2_amd64.deb ...
    amazon-ebs: Unpacking build-essential (12.1ubuntu2) ...
    amazon-ebs: Selecting previously unselected package libfakeroot:amd64.
    amazon-ebs: Preparing to unpack .../libfakeroot_1.20.2-1ubuntu1_amd64.deb ...
    amazon-ebs: Unpacking libfakeroot:amd64 (1.20.2-1ubuntu1) ...
    amazon-ebs: Selecting previously unselected package fakeroot.
    amazon-ebs: Preparing to unpack .../fakeroot_1.20.2-1ubuntu1_amd64.deb ...
    amazon-ebs: Unpacking fakeroot (1.20.2-1ubuntu1) ...
    amazon-ebs: Selecting previously unselected package fonts-dejavu-core.
    amazon-ebs: Preparing to unpack .../fonts-dejavu-core_2.35-1_all.deb ...
    amazon-ebs: Unpacking fonts-dejavu-core (2.35-1) ...
    amazon-ebs: Selecting previously unselected package fontconfig-config.
    amazon-ebs: Preparing to unpack .../fontconfig-config_2.11.94-0ubuntu1.1_all.deb ...
    amazon-ebs: Unpacking fontconfig-config (2.11.94-0ubuntu1.1) ...
    amazon-ebs: Selecting previously unselected package jq.
    amazon-ebs: Preparing to unpack .../jq_1.5+dfsg-1_amd64.deb ...
    amazon-ebs: Unpacking jq (1.5+dfsg-1) ...
    amazon-ebs: Selecting previously unselected package libalgorithm-diff-perl.
    amazon-ebs: Preparing to unpack .../libalgorithm-diff-perl_1.19.03-1_all.deb ...
    amazon-ebs: Unpacking libalgorithm-diff-perl (1.19.03-1) ...
    amazon-ebs: Selecting previously unselected package libalgorithm-diff-xs-perl.
    amazon-ebs: Preparing to unpack .../libalgorithm-diff-xs-perl_0.04-4build1_amd64.deb ...
    amazon-ebs: Unpacking libalgorithm-diff-xs-perl (0.04-4build1) ...
    amazon-ebs: Selecting previously unselected package libalgorithm-merge-perl.
    amazon-ebs: Preparing to unpack .../libalgorithm-merge-perl_0.08-3_all.deb ...
    amazon-ebs: Unpacking libalgorithm-merge-perl (0.08-3) ...
    amazon-ebs: Selecting previously unselected package php-common.
    amazon-ebs: Preparing to unpack .../php-common_1%3a35ubuntu6_all.deb ...
    amazon-ebs: Unpacking php-common (1:35ubuntu6) ...
    amazon-ebs: Selecting previously unselected package php7.0-common.
    amazon-ebs: Preparing to unpack .../php7.0-common_7.0.22-0ubuntu0.16.04.1_amd64.deb ...
    amazon-ebs: Unpacking php7.0-common (7.0.22-0ubuntu0.16.04.1) ...
    amazon-ebs: Selecting previously unselected package php7.0-json.
    amazon-ebs: Preparing to unpack .../php7.0-json_7.0.22-0ubuntu0.16.04.1_amd64.deb ...
    amazon-ebs: Unpacking php7.0-json (7.0.22-0ubuntu0.16.04.1) ...
    amazon-ebs: Selecting previously unselected package php7.0-opcache.
    amazon-ebs: Preparing to unpack .../php7.0-opcache_7.0.22-0ubuntu0.16.04.1_amd64.deb ...
    amazon-ebs: Unpacking php7.0-opcache (7.0.22-0ubuntu0.16.04.1) ...
    amazon-ebs: Selecting previously unselected package php7.0-readline.
    amazon-ebs: Preparing to unpack .../php7.0-readline_7.0.22-0ubuntu0.16.04.1_amd64.deb ...
    amazon-ebs: Unpacking php7.0-readline (7.0.22-0ubuntu0.16.04.1) ...
    amazon-ebs: Selecting previously unselected package php7.0-cli.
    amazon-ebs: Preparing to unpack .../php7.0-cli_7.0.22-0ubuntu0.16.04.1_amd64.deb ...
    amazon-ebs: Unpacking php7.0-cli (7.0.22-0ubuntu0.16.04.1) ...
    amazon-ebs: Selecting previously unselected package libapache2-mod-php7.0.
    amazon-ebs: Preparing to unpack .../libapache2-mod-php7.0_7.0.22-0ubuntu0.16.04.1_amd64.deb ...
    amazon-ebs: Unpacking libapache2-mod-php7.0 (7.0.22-0ubuntu0.16.04.1) ...
    amazon-ebs: Selecting previously unselected package libexpat1-dev:amd64.
    amazon-ebs: Preparing to unpack .../libexpat1-dev_2.1.0-7ubuntu0.16.04.3_amd64.deb ...
    amazon-ebs: Unpacking libexpat1-dev:amd64 (2.1.0-7ubuntu0.16.04.3) ...
    amazon-ebs: Selecting previously unselected package libfile-fcntllock-perl.
    amazon-ebs: Preparing to unpack .../libfile-fcntllock-perl_0.22-3_amd64.deb ...
    amazon-ebs: Unpacking libfile-fcntllock-perl (0.22-3) ...
    amazon-ebs: Selecting previously unselected package libfontconfig1:amd64.
    amazon-ebs: Preparing to unpack .../libfontconfig1_2.11.94-0ubuntu1.1_amd64.deb ...
    amazon-ebs: Unpacking libfontconfig1:amd64 (2.11.94-0ubuntu1.1) ...
    amazon-ebs: Selecting previously unselected package libjpeg8:amd64.
    amazon-ebs: Preparing to unpack .../libjpeg8_8c-2ubuntu8_amd64.deb ...
    amazon-ebs: Unpacking libjpeg8:amd64 (8c-2ubuntu8) ...
    amazon-ebs: Selecting previously unselected package libtiff5:amd64.
    amazon-ebs: Preparing to unpack .../libtiff5_4.0.6-1ubuntu0.2_amd64.deb ...
    amazon-ebs: Unpacking libtiff5:amd64 (4.0.6-1ubuntu0.2) ...
    amazon-ebs: Selecting previously unselected package libvpx3:amd64.
    amazon-ebs: Preparing to unpack .../libvpx3_1.5.0-2ubuntu1_amd64.deb ...
    amazon-ebs: Unpacking libvpx3:amd64 (1.5.0-2ubuntu1) ...
    amazon-ebs: Selecting previously unselected package libxpm4:amd64.
    amazon-ebs: Preparing to unpack .../libxpm4_1%3a3.5.11-1ubuntu0.16.04.1_amd64.deb ...
    amazon-ebs: Unpacking libxpm4:amd64 (1:3.5.11-1ubuntu0.16.04.1) ...
    amazon-ebs: Selecting previously unselected package libgd3:amd64.
    amazon-ebs: Preparing to unpack .../libgd3_2.1.1-4ubuntu0.16.04.8_amd64.deb ...
    amazon-ebs: Unpacking libgd3:amd64 (2.1.1-4ubuntu0.16.04.8) ...
    amazon-ebs: Selecting previously unselected package libpython3.5-dev:amd64.
    amazon-ebs: Preparing to unpack .../libpython3.5-dev_3.5.2-2ubuntu0~16.04.4_amd64.deb ...
    amazon-ebs: Unpacking libpython3.5-dev:amd64 (3.5.2-2ubuntu0~16.04.4) ...
    amazon-ebs: Selecting previously unselected package libpython3-dev:amd64.
    amazon-ebs: Preparing to unpack .../libpython3-dev_3.5.1-3_amd64.deb ...
    amazon-ebs: Unpacking libpython3-dev:amd64 (3.5.1-3) ...
    amazon-ebs: Selecting previously unselected package manpages-dev.
    amazon-ebs: Preparing to unpack .../manpages-dev_4.04-2_all.deb ...
    amazon-ebs: Unpacking manpages-dev (4.04-2) ...
    amazon-ebs: Selecting previously unselected package php7.0-cgi.
    amazon-ebs: Preparing to unpack .../php7.0-cgi_7.0.22-0ubuntu0.16.04.1_amd64.deb ...
    amazon-ebs: Unpacking php7.0-cgi (7.0.22-0ubuntu0.16.04.1) ...
    amazon-ebs: Selecting previously unselected package php7.0.
    amazon-ebs: Preparing to unpack .../php7.0_7.0.22-0ubuntu0.16.04.1_all.deb ...
    amazon-ebs: Unpacking php7.0 (7.0.22-0ubuntu0.16.04.1) ...
    amazon-ebs: Selecting previously unselected package php7.0-gd.
    amazon-ebs: Preparing to unpack .../php7.0-gd_7.0.22-0ubuntu0.16.04.1_amd64.deb ...
    amazon-ebs: Unpacking php7.0-gd (7.0.22-0ubuntu0.16.04.1) ...
    amazon-ebs: Selecting previously unselected package php7.0-mysql.
    amazon-ebs: Preparing to unpack .../php7.0-mysql_7.0.22-0ubuntu0.16.04.1_amd64.deb ...
    amazon-ebs: Unpacking php7.0-mysql (7.0.22-0ubuntu0.16.04.1) ...
    amazon-ebs: Selecting previously unselected package python-pip-whl.
    amazon-ebs: Preparing to unpack .../python-pip-whl_8.1.1-2ubuntu0.4_all.deb ...
    amazon-ebs: Unpacking python-pip-whl (8.1.1-2ubuntu0.4) ...
    amazon-ebs: Selecting previously unselected package python3.5-dev.
    amazon-ebs: Preparing to unpack .../python3.5-dev_3.5.2-2ubuntu0~16.04.4_amd64.deb ...
    amazon-ebs: Unpacking python3.5-dev (3.5.2-2ubuntu0~16.04.4) ...
    amazon-ebs: Selecting previously unselected package python3-dev.
    amazon-ebs: Preparing to unpack .../python3-dev_3.5.1-3_amd64.deb ...
    amazon-ebs: Unpacking python3-dev (3.5.1-3) ...
    amazon-ebs: Selecting previously unselected package python3-pip.
    amazon-ebs: Preparing to unpack .../python3-pip_8.1.1-2ubuntu0.4_all.deb ...
    amazon-ebs: Unpacking python3-pip (8.1.1-2ubuntu0.4) ...
    amazon-ebs: Selecting previously unselected package python3-setuptools.
    amazon-ebs: Preparing to unpack .../python3-setuptools_20.7.0-1_all.deb ...
    amazon-ebs: Unpacking python3-setuptools (20.7.0-1) ...
    amazon-ebs: Selecting previously unselected package python3-wheel.
    amazon-ebs: Preparing to unpack .../python3-wheel_0.29.0-1_all.deb ...
    amazon-ebs: Unpacking python3-wheel (0.29.0-1) ...
    amazon-ebs: Selecting previously unselected package ssl-cert.
    amazon-ebs: Preparing to unpack .../ssl-cert_1.0.37_all.deb ...
    amazon-ebs: Unpacking ssl-cert (1.0.37) ...
    amazon-ebs: Selecting previously unselected package unzip.
    amazon-ebs: Preparing to unpack .../unzip_6.0-20ubuntu1_amd64.deb ...
    amazon-ebs: Unpacking unzip (6.0-20ubuntu1) ...
    amazon-ebs: Processing triggers for libc-bin (2.23-0ubuntu9) ...
    amazon-ebs: Processing triggers for man-db (2.7.5-1) ...
    amazon-ebs: Processing triggers for systemd (229-4ubuntu21) ...
    amazon-ebs: Processing triggers for ureadahead (0.100.0-19) ...
    amazon-ebs: Processing triggers for ufw (0.35-0ubuntu2) ...
    amazon-ebs: Processing triggers for mime-support (3.59ubuntu1) ...
    amazon-ebs: Setting up libapr1:amd64 (1.5.2-3) ...
    amazon-ebs: Setting up libaprutil1:amd64 (1.5.4-1build1) ...
    amazon-ebs: Setting up libaprutil1-dbd-sqlite3:amd64 (1.5.4-1build1) ...
    amazon-ebs: Setting up libaprutil1-ldap:amd64 (1.5.4-1build1) ...
    amazon-ebs: Setting up liblua5.1-0:amd64 (5.1.5-8ubuntu1) ...
    amazon-ebs: Setting up apache2-bin (2.4.18-2ubuntu3.5) ...
    amazon-ebs: Setting up apache2-utils (2.4.18-2ubuntu3.5) ...
    amazon-ebs: Setting up apache2-data (2.4.18-2ubuntu3.5) ...
    amazon-ebs: Setting up apache2 (2.4.18-2ubuntu3.5) ...
    amazon-ebs: Enabling module mpm_event.
    amazon-ebs: Enabling module authz_core.
    amazon-ebs: Enabling module authz_host.
    amazon-ebs: Enabling module authn_core.
    amazon-ebs: Enabling module auth_basic.
    amazon-ebs: Enabling module access_compat.
    amazon-ebs: Enabling module authn_file.
    amazon-ebs: Enabling module authz_user.
    amazon-ebs: Enabling module alias.
    amazon-ebs: Enabling module dir.
    amazon-ebs: Enabling module autoindex.
    amazon-ebs: Enabling module env.
    amazon-ebs: Enabling module mime.
    amazon-ebs: Enabling module negotiation.
    amazon-ebs: Enabling module setenvif.
    amazon-ebs: Enabling module filter.
    amazon-ebs: Enabling module deflate.
    amazon-ebs: Enabling module status.
    amazon-ebs: Enabling conf charset.
    amazon-ebs: Enabling conf localized-error-pages.
    amazon-ebs: Enabling conf other-vhosts-access-log.
    amazon-ebs: Enabling conf security.
    amazon-ebs: Enabling conf serve-cgi-bin.
    amazon-ebs: Enabling site 000-default.
    amazon-ebs: Setting up libjpeg-turbo8:amd64 (1.4.2-0ubuntu3) ...
    amazon-ebs: Setting up libonig2:amd64 (5.9.6-1) ...
    amazon-ebs: Setting up libjbig0:amd64 (2.1-3.1) ...
    amazon-ebs: Setting up libmpc3:amd64 (1.0.3-1) ...
    amazon-ebs: Setting up binutils (2.26.1-1ubuntu1~16.04.5) ...
    amazon-ebs: Setting up libc-dev-bin (2.23-0ubuntu9) ...
    amazon-ebs: Setting up linux-libc-dev:amd64 (4.4.0-104.127) ...
    amazon-ebs: Setting up libc6-dev:amd64 (2.23-0ubuntu9) ...
    amazon-ebs: Setting up libisl15:amd64 (0.16.1-1) ...
    amazon-ebs: Setting up cpp-5 (5.4.0-6ubuntu1~16.04.5) ...
    amazon-ebs: Setting up cpp (4:5.3.1-1ubuntu1) ...
    amazon-ebs: Setting up libcc1-0:amd64 (5.4.0-6ubuntu1~16.04.5) ...
    amazon-ebs: Setting up libgomp1:amd64 (5.4.0-6ubuntu1~16.04.5) ...
    amazon-ebs: Setting up libitm1:amd64 (5.4.0-6ubuntu1~16.04.5) ...
    amazon-ebs: Setting up libatomic1:amd64 (5.4.0-6ubuntu1~16.04.5) ...
    amazon-ebs: Setting up libasan2:amd64 (5.4.0-6ubuntu1~16.04.5) ...
    amazon-ebs: Setting up liblsan0:amd64 (5.4.0-6ubuntu1~16.04.5) ...
    amazon-ebs: Setting up libtsan0:amd64 (5.4.0-6ubuntu1~16.04.5) ...
    amazon-ebs: Setting up libubsan0:amd64 (5.4.0-6ubuntu1~16.04.5) ...
    amazon-ebs: Setting up libcilkrts5:amd64 (5.4.0-6ubuntu1~16.04.5) ...
    amazon-ebs: Setting up libmpx0:amd64 (5.4.0-6ubuntu1~16.04.5) ...
    amazon-ebs: Setting up libquadmath0:amd64 (5.4.0-6ubuntu1~16.04.5) ...
    amazon-ebs: Setting up libgcc-5-dev:amd64 (5.4.0-6ubuntu1~16.04.5) ...
    amazon-ebs: Setting up gcc-5 (5.4.0-6ubuntu1~16.04.5) ...
    amazon-ebs: Setting up gcc (4:5.3.1-1ubuntu1) ...
    amazon-ebs: Setting up libstdc++-5-dev:amd64 (5.4.0-6ubuntu1~16.04.5) ...
    amazon-ebs: Setting up g++-5 (5.4.0-6ubuntu1~16.04.5) ...
    amazon-ebs: Setting up g++ (4:5.3.1-1ubuntu1) ...
    amazon-ebs: update-alternatives: using /usr/bin/g++ to provide /usr/bin/c++ (c++) in auto mode
    amazon-ebs: Setting up make (4.1-6) ...
    amazon-ebs: Setting up libdpkg-perl (1.18.4ubuntu1.3) ...
    amazon-ebs: Setting up dpkg-dev (1.18.4ubuntu1.3) ...
    amazon-ebs: Setting up build-essential (12.1ubuntu2) ...
    amazon-ebs: Setting up libfakeroot:amd64 (1.20.2-1ubuntu1) ...
    amazon-ebs: Setting up fakeroot (1.20.2-1ubuntu1) ...
    amazon-ebs: update-alternatives: using /usr/bin/fakeroot-sysv to provide /usr/bin/fakeroot (fakeroot) in auto mode
    amazon-ebs: Setting up fonts-dejavu-core (2.35-1) ...
    amazon-ebs: Setting up fontconfig-config (2.11.94-0ubuntu1.1) ...
    amazon-ebs: Setting up jq (1.5+dfsg-1) ...
    amazon-ebs: Setting up libalgorithm-diff-perl (1.19.03-1) ...
    amazon-ebs: Setting up libalgorithm-diff-xs-perl (0.04-4build1) ...
    amazon-ebs: Setting up libalgorithm-merge-perl (0.08-3) ...
    amazon-ebs: Setting up php-common (1:35ubuntu6) ...
    amazon-ebs: Setting up php7.0-common (7.0.22-0ubuntu0.16.04.1) ...
    amazon-ebs: debconf: unable to initialize frontend: Dialog
    amazon-ebs: debconf: (Dialog frontend will not work on a dumb terminal, an emacs shell buffer, or without a controlling terminal.)
    amazon-ebs: debconf: falling back to frontend: Readline
    amazon-ebs:
    amazon-ebs: Creating config file /etc/php/7.0/mods-available/calendar.ini with new version
    amazon-ebs: debconf: unable to initialize frontend: Dialog
    amazon-ebs: debconf: (Dialog frontend will not work on a dumb terminal, an emacs shell buffer, or without a controlling terminal.)
    amazon-ebs: debconf: falling back to frontend: Readline
    amazon-ebs:
    amazon-ebs: Creating config file /etc/php/7.0/mods-available/ctype.ini with new version
    amazon-ebs: debconf: unable to initialize frontend: Dialog
    amazon-ebs: debconf: (Dialog frontend will not work on a dumb terminal, an emacs shell buffer, or without a controlling terminal.)
    amazon-ebs: debconf: falling back to frontend: Readline
    amazon-ebs:
    amazon-ebs: Creating config file /etc/php/7.0/mods-available/exif.ini with new version
    amazon-ebs: debconf: unable to initialize frontend: Dialog
    amazon-ebs: debconf: (Dialog frontend will not work on a dumb terminal, an emacs shell buffer, or without a controlling terminal.)
    amazon-ebs: debconf: falling back to frontend: Readline
    amazon-ebs:
    amazon-ebs: Creating config file /etc/php/7.0/mods-available/fileinfo.ini with new version
    amazon-ebs: debconf: unable to initialize frontend: Dialog
    amazon-ebs: debconf: (Dialog frontend will not work on a dumb terminal, an emacs shell buffer, or without a controlling terminal.)
    amazon-ebs: debconf: falling back to frontend: Readline
    amazon-ebs:
    amazon-ebs: Creating config file /etc/php/7.0/mods-available/ftp.ini with new version
    amazon-ebs: debconf: unable to initialize frontend: Dialog
    amazon-ebs: debconf: (Dialog frontend will not work on a dumb terminal, an emacs shell buffer, or without a controlling terminal.)
    amazon-ebs: debconf: falling back to frontend: Readline
    amazon-ebs:
    amazon-ebs: Creating config file /etc/php/7.0/mods-available/gettext.ini with new version
    amazon-ebs: debconf: unable to initialize frontend: Dialog
    amazon-ebs: debconf: (Dialog frontend will not work on a dumb terminal, an emacs shell buffer, or without a controlling terminal.)
    amazon-ebs: debconf: falling back to frontend: Readline
    amazon-ebs:
    amazon-ebs: Creating config file /etc/php/7.0/mods-available/iconv.ini with new version
    amazon-ebs: debconf: unable to initialize frontend: Dialog
    amazon-ebs: debconf: (Dialog frontend will not work on a dumb terminal, an emacs shell buffer, or without a controlling terminal.)
    amazon-ebs: debconf: falling back to frontend: Readline
    amazon-ebs:
    amazon-ebs: Creating config file /etc/php/7.0/mods-available/pdo.ini with new version
    amazon-ebs: debconf: unable to initialize frontend: Dialog
    amazon-ebs: debconf: (Dialog frontend will not work on a dumb terminal, an emacs shell buffer, or without a controlling terminal.)
    amazon-ebs: debconf: falling back to frontend: Readline
    amazon-ebs:
    amazon-ebs: Creating config file /etc/php/7.0/mods-available/phar.ini with new version
    amazon-ebs: debconf: unable to initialize frontend: Dialog
    amazon-ebs: debconf: (Dialog frontend will not work on a dumb terminal, an emacs shell buffer, or without a controlling terminal.)
    amazon-ebs: debconf: falling back to frontend: Readline
    amazon-ebs:
    amazon-ebs: Creating config file /etc/php/7.0/mods-available/posix.ini with new version
    amazon-ebs: debconf: unable to initialize frontend: Dialog
    amazon-ebs: debconf: (Dialog frontend will not work on a dumb terminal, an emacs shell buffer, or without a controlling terminal.)
    amazon-ebs: debconf: falling back to frontend: Readline
    amazon-ebs:
    amazon-ebs: Creating config file /etc/php/7.0/mods-available/shmop.ini with new version
    amazon-ebs: debconf: unable to initialize frontend: Dialog
    amazon-ebs: debconf: (Dialog frontend will not work on a dumb terminal, an emacs shell buffer, or without a controlling terminal.)
    amazon-ebs: debconf: falling back to frontend: Readline
    amazon-ebs:
    amazon-ebs: Creating config file /etc/php/7.0/mods-available/sockets.ini with new version
    amazon-ebs: debconf: unable to initialize frontend: Dialog
    amazon-ebs: debconf: (Dialog frontend will not work on a dumb terminal, an emacs shell buffer, or without a controlling terminal.)
    amazon-ebs: debconf: falling back to frontend: Readline
    amazon-ebs:
    amazon-ebs: Creating config file /etc/php/7.0/mods-available/sysvmsg.ini with new version
    amazon-ebs: debconf: unable to initialize frontend: Dialog
    amazon-ebs: debconf: (Dialog frontend will not work on a dumb terminal, an emacs shell buffer, or without a controlling terminal.)
    amazon-ebs: debconf: falling back to frontend: Readline
    amazon-ebs:
    amazon-ebs: Creating config file /etc/php/7.0/mods-available/sysvsem.ini with new version
    amazon-ebs: debconf: unable to initialize frontend: Dialog
    amazon-ebs: debconf: (Dialog frontend will not work on a dumb terminal, an emacs shell buffer, or without a controlling terminal.)
    amazon-ebs: debconf: falling back to frontend: Readline
    amazon-ebs:
    amazon-ebs: Creating config file /etc/php/7.0/mods-available/sysvshm.ini with new version
    amazon-ebs: debconf: unable to initialize frontend: Dialog
    amazon-ebs: debconf: (Dialog frontend will not work on a dumb terminal, an emacs shell buffer, or without a controlling terminal.)
    amazon-ebs: debconf: falling back to frontend: Readline
    amazon-ebs:
    amazon-ebs: Creating config file /etc/php/7.0/mods-available/tokenizer.ini with new version
    amazon-ebs: Setting up php7.0-json (7.0.22-0ubuntu0.16.04.1) ...
    amazon-ebs: debconf: unable to initialize frontend: Dialog
    amazon-ebs: debconf: (Dialog frontend will not work on a dumb terminal, an emacs shell buffer, or without a controlling terminal.)
    amazon-ebs: debconf: falling back to frontend: Readline
    amazon-ebs:
    amazon-ebs: Creating config file /etc/php/7.0/mods-available/json.ini with new version
    amazon-ebs: Setting up php7.0-opcache (7.0.22-0ubuntu0.16.04.1) ...
    amazon-ebs: debconf: unable to initialize frontend: Dialog
    amazon-ebs: debconf: (Dialog frontend will not work on a dumb terminal, an emacs shell buffer, or without a controlling terminal.)
    amazon-ebs: debconf: falling back to frontend: Readline
    amazon-ebs:
    amazon-ebs: Creating config file /etc/php/7.0/mods-available/opcache.ini with new version
    amazon-ebs: Setting up php7.0-readline (7.0.22-0ubuntu0.16.04.1) ...
    amazon-ebs: debconf: unable to initialize frontend: Dialog
    amazon-ebs: debconf: (Dialog frontend will not work on a dumb terminal, an emacs shell buffer, or without a controlling terminal.)
    amazon-ebs: debconf: falling back to frontend: Readline
    amazon-ebs:
    amazon-ebs: Creating config file /etc/php/7.0/mods-available/readline.ini with new version
    amazon-ebs: Setting up php7.0-cli (7.0.22-0ubuntu0.16.04.1) ...
    amazon-ebs: update-alternatives: using /usr/bin/php7.0 to provide /usr/bin/php (php) in auto mode
    amazon-ebs: update-alternatives: using /usr/bin/phar7.0 to provide /usr/bin/phar (phar) in auto mode
    amazon-ebs: update-alternatives: using /usr/bin/phar.phar7.0 to provide /usr/bin/phar.phar (phar.phar) in auto mode
    amazon-ebs: debconf: unable to initialize frontend: Dialog
    amazon-ebs: debconf: (Dialog frontend will not work on a dumb terminal, an emacs shell buffer, or without a controlling terminal.)
    amazon-ebs: debconf: falling back to frontend: Readline
    amazon-ebs:
    amazon-ebs: Creating config file /etc/php/7.0/cli/php.ini with new version
    amazon-ebs: Setting up libapache2-mod-php7.0 (7.0.22-0ubuntu0.16.04.1) ...
    amazon-ebs: debconf: unable to initialize frontend: Dialog
    amazon-ebs: debconf: (Dialog frontend will not work on a dumb terminal, an emacs shell buffer, or without a controlling terminal.)
    amazon-ebs: debconf: falling back to frontend: Readline
    amazon-ebs:
    amazon-ebs: Creating config file /etc/php/7.0/apache2/php.ini with new version
    amazon-ebs: Module mpm_event disabled.
    amazon-ebs: Enabling module mpm_prefork.
    amazon-ebs: apache2_switch_mpm Switch to prefork
    amazon-ebs: apache2_invoke: Enable module php7.0
    amazon-ebs: Setting up libexpat1-dev:amd64 (2.1.0-7ubuntu0.16.04.3) ...
    amazon-ebs: Setting up libfile-fcntllock-perl (0.22-3) ...
    amazon-ebs: Setting up libfontconfig1:amd64 (2.11.94-0ubuntu1.1) ...
    amazon-ebs: Setting up libjpeg8:amd64 (8c-2ubuntu8) ...
    amazon-ebs: Setting up libtiff5:amd64 (4.0.6-1ubuntu0.2) ...
    amazon-ebs: Setting up libvpx3:amd64 (1.5.0-2ubuntu1) ...
    amazon-ebs: Setting up libxpm4:amd64 (1:3.5.11-1ubuntu0.16.04.1) ...
    amazon-ebs: Setting up libgd3:amd64 (2.1.1-4ubuntu0.16.04.8) ...
    amazon-ebs: Setting up libpython3.5-dev:amd64 (3.5.2-2ubuntu0~16.04.4) ...
    amazon-ebs: Setting up libpython3-dev:amd64 (3.5.1-3) ...
    amazon-ebs: Setting up manpages-dev (4.04-2) ...
    amazon-ebs: Setting up php7.0-cgi (7.0.22-0ubuntu0.16.04.1) ...
    amazon-ebs: update-alternatives: using /usr/bin/php-cgi7.0 to provide /usr/bin/php-cgi (php-cgi) in auto mode
    amazon-ebs: update-alternatives: using /usr/lib/cgi-bin/php7.0 to provide /usr/lib/cgi-bin/php (php-cgi-bin) in auto mode
    amazon-ebs: debconf: unable to initialize frontend: Dialog
    amazon-ebs: debconf: (Dialog frontend will not work on a dumb terminal, an emacs shell buffer, or without a controlling terminal.)
    amazon-ebs: debconf: falling back to frontend: Readline
    amazon-ebs:
    amazon-ebs: Creating config file /etc/php/7.0/cgi/php.ini with new version
    amazon-ebs: Setting up php7.0 (7.0.22-0ubuntu0.16.04.1) ...
    amazon-ebs: Setting up php7.0-gd (7.0.22-0ubuntu0.16.04.1) ...
    amazon-ebs: debconf: unable to initialize frontend: Dialog
    amazon-ebs: debconf: (Dialog frontend will not work on a dumb terminal, an emacs shell buffer, or without a controlling terminal.)
    amazon-ebs: debconf: falling back to frontend: Readline
    amazon-ebs:
    amazon-ebs: Creating config file /etc/php/7.0/mods-available/gd.ini with new version
    amazon-ebs: Setting up php7.0-mysql (7.0.22-0ubuntu0.16.04.1) ...
    amazon-ebs: debconf: unable to initialize frontend: Dialog
    amazon-ebs: debconf: (Dialog frontend will not work on a dumb terminal, an emacs shell buffer, or without a controlling terminal.)
    amazon-ebs: debconf: falling back to frontend: Readline
    amazon-ebs:
    amazon-ebs: Creating config file /etc/php/7.0/mods-available/mysqlnd.ini with new version
    amazon-ebs: debconf: unable to initialize frontend: Dialog
    amazon-ebs: debconf: (Dialog frontend will not work on a dumb terminal, an emacs shell buffer, or without a controlling terminal.)
    amazon-ebs: debconf: falling back to frontend: Readline
    amazon-ebs:
    amazon-ebs: Creating config file /etc/php/7.0/mods-available/mysqli.ini with new version
    amazon-ebs: debconf: unable to initialize frontend: Dialog
    amazon-ebs: debconf: (Dialog frontend will not work on a dumb terminal, an emacs shell buffer, or without a controlling terminal.)
    amazon-ebs: debconf: falling back to frontend: Readline
    amazon-ebs:
    amazon-ebs: Creating config file /etc/php/7.0/mods-available/pdo_mysql.ini with new version
    amazon-ebs: Setting up python-pip-whl (8.1.1-2ubuntu0.4) ...
    amazon-ebs: Setting up python3.5-dev (3.5.2-2ubuntu0~16.04.4) ...
    amazon-ebs: Setting up python3-dev (3.5.1-3) ...
    amazon-ebs: Setting up python3-pip (8.1.1-2ubuntu0.4) ...
    amazon-ebs: Setting up python3-setuptools (20.7.0-1) ...
    amazon-ebs: Setting up python3-wheel (0.29.0-1) ...
    amazon-ebs: Setting up ssl-cert (1.0.37) ...
    amazon-ebs: debconf: unable to initialize frontend: Dialog
    amazon-ebs: debconf: (Dialog frontend will not work on a dumb terminal, an emacs shell buffer, or without a controlling terminal.)
    amazon-ebs: debconf: falling back to frontend: Readline
    amazon-ebs: Setting up unzip (6.0-20ubuntu1) ...
    amazon-ebs: Processing triggers for libc-bin (2.23-0ubuntu9) ...
    amazon-ebs: Processing triggers for systemd (229-4ubuntu21) ...
    amazon-ebs: Processing triggers for ureadahead (0.100.0-19) ...
    amazon-ebs: Processing triggers for ufw (0.35-0ubuntu2) ...
    amazon-ebs: Processing triggers for libapache2-mod-php7.0 (7.0.22-0ubuntu0.16.04.1) ...
    amazon-ebs: The directory '/home/ubuntu/.cache/pip/http' or its parent directory is not owned by the current user and the cache has been disabled. Please check the permissions and owner of that directory. If executing pip with sudo, you may want sudo's -H flag.
    amazon-ebs: The directory '/home/ubuntu/.cache/pip' or its parent directory is not owned by the current user and caching wheels has been disabled. check the permissions and owner of that directory. If executing pip with sudo, you may want sudo's -H flag.
    amazon-ebs: Collecting awscli
    amazon-ebs: Downloading awscli-1.14.17-py2.py3-none-any.whl (1.2MB)
    amazon-ebs: Collecting PyYAML<=3.12,>=3.10 (from awscli)
    amazon-ebs: Downloading PyYAML-3.12.tar.gz (253kB)
    amazon-ebs: Collecting rsa<=3.5.0,>=3.1.2 (from awscli)
    amazon-ebs: Downloading rsa-3.4.2-py2.py3-none-any.whl (46kB)
    amazon-ebs: Collecting s3transfer<0.2.0,>=0.1.12 (from awscli)
    amazon-ebs: Downloading s3transfer-0.1.12-py2.py3-none-any.whl (59kB)
    amazon-ebs: Collecting colorama<=0.3.7,>=0.2.5 (from awscli)
    amazon-ebs: Downloading colorama-0.3.7-py2.py3-none-any.whl
    amazon-ebs: Collecting docutils>=0.10 (from awscli)
    amazon-ebs: Downloading docutils-0.14-py3-none-any.whl (543kB)
    amazon-ebs: Collecting botocore==1.8.21 (from awscli)
    amazon-ebs: Downloading botocore-1.8.21-py2.py3-none-any.whl (4.0MB)
    amazon-ebs: Collecting pyasn1>=0.1.3 (from rsa<=3.5.0,>=3.1.2->awscli)
    amazon-ebs: Downloading pyasn1-0.4.2-py2.py3-none-any.whl (71kB)
    amazon-ebs: Collecting jmespath<1.0.0,>=0.7.1 (from botocore==1.8.21->awscli)
    amazon-ebs: Downloading jmespath-0.9.3-py2.py3-none-any.whl
    amazon-ebs: Collecting python-dateutil<3.0.0,>=2.1 (from botocore==1.8.21->awscli)
    amazon-ebs: Downloading python_dateutil-2.6.1-py2.py3-none-any.whl (194kB)
    amazon-ebs: Collecting six>=1.5 (from python-dateutil<3.0.0,>=2.1->botocore==1.8.21->awscli)
    amazon-ebs: Downloading six-1.11.0-py2.py3-none-any.whl
    amazon-ebs: Installing collected packages: PyYAML, pyasn1, rsa, docutils, jmespath, six, python-dateutil, botocore, s3transfer, colorama, awscli
    amazon-ebs: Found existing installation: PyYAML 3.11
    amazon-ebs: Not uninstalling pyyaml at /usr/lib/python3/dist-packages, outside environment /usr
    amazon-ebs: Running setup.py install for PyYAML: started
    amazon-ebs: Running setup.py install for PyYAML: finished with status 'done'
    amazon-ebs: Found existing installation: pyasn1 0.1.9
    amazon-ebs: Not uninstalling pyasn1 at /usr/lib/python3/dist-packages, outside environment /usr
    amazon-ebs: Found existing installation: six 1.10.0
    amazon-ebs: Not uninstalling six at /usr/lib/python3/dist-packages, outside environment /usr
    amazon-ebs: Successfully installed PyYAML-3.12 awscli-1.14.17 botocore-1.8.21 colorama-0.3.7 docutils-0.14 jmespath-0.9.3 pyasn1-0.4.2 python-dateutil-2.6.1 rsa-3.4.2 s3transfer-0.1.12 six-1.11.0
    amazon-ebs: You are using pip version 8.1.1, however version 9.0.1 is available.
    amazon-ebs: You should consider upgrading via the 'pip install --upgrade pip' command.
    amazon-ebs: The directory '/home/ubuntu/.cache/pip/http' or its parent directory is not owned by the current user and the cache has been disabled. Please check the permissions and owner of that directory. If executing pip with sudo, you may want sudo's -H flag.
    amazon-ebs: The directory '/home/ubuntu/.cache/pip' or its parent directory is not owned by the current user and caching wheels has been disabled. check the permissions and owner of that directory. If executing pip with sudo, you may want sudo's -H flag.
    amazon-ebs: Requirement already satisfied (use --upgrade to upgrade): requests in /usr/lib/python3/dist-packages
    amazon-ebs: You are using pip version 8.1.1, however version 9.0.1 is available.
    amazon-ebs: You should consider upgrading via the 'pip install --upgrade pip' command.
    amazon-ebs: The directory '/home/ubuntu/.cache/pip/http' or its parent directory is not owned by the current user and the cache has been disabled. Please check the permissions and owner of that directory. If executing pip with sudo, you may want sudo's -H flag.
    amazon-ebs: The directory '/home/ubuntu/.cache/pip' or its parent directory is not owned by the current user and caching wheels has been disabled. check the permissions and owner of that directory. If executing pip with sudo, you may want sudo's -H flag.
    amazon-ebs: Collecting google-api-python-client
    amazon-ebs: Downloading google_api_python_client-1.6.4-py2.py3-none-any.whl (53kB)
    amazon-ebs: Collecting httplib2<1dev,>=0.9.2 (from google-api-python-client)
    amazon-ebs: Downloading httplib2-0.10.3.tar.gz (204kB)
    amazon-ebs: Collecting oauth2client<5.0.0dev,>=1.5.0 (from google-api-python-client)
    amazon-ebs: Downloading oauth2client-4.1.2-py2.py3-none-any.whl (99kB)
    amazon-ebs: Collecting uritemplate<4dev,>=3.0.0 (from google-api-python-client)
    amazon-ebs: Downloading uritemplate-3.0.0-py2.py3-none-any.whl
    amazon-ebs: Requirement already satisfied (use --upgrade to upgrade): six<2dev,>=1.6.1 in /usr/local/lib/python3.5/dist-packages (from google-api-python-client)
    amazon-ebs: Collecting pyasn1-modules>=0.0.5 (from oauth2client<5.0.0dev,>=1.5.0->google-api-python-client)
    amazon-ebs: Downloading pyasn1_modules-0.2.1-py2.py3-none-any.whl (60kB)
    amazon-ebs: Requirement already satisfied (use --upgrade to upgrade): pyasn1>=0.1.7 in /usr/local/lib/python3.5/dist-packages (from oauth2client<5.0.0dev,>=1.5.0->google-api-python-client)
    amazon-ebs: Requirement already satisfied (use --upgrade to upgrade): rsa>=3.1.4 in /usr/local/lib/python3.5/dist-packages (from oauth2client<5.0.0dev,>=1.5.0->google-api-python-client)
    amazon-ebs: Installing collected packages: httplib2, pyasn1-modules, oauth2client, uritemplate, google-api-python-client
    amazon-ebs: Running setup.py install for httplib2: started
    amazon-ebs: Running setup.py install for httplib2: finished with status 'done'
    amazon-ebs: Successfully installed google-api-python-client-1.6.4 httplib2-0.10.3 oauth2client-4.1.2 pyasn1-modules-0.2.1 uritemplate-3.0.0
    amazon-ebs: You are using pip version 8.1.1, however version 9.0.1 is available.
    amazon-ebs: You should consider upgrading via the 'pip install --upgrade pip' command.
    amazon-ebs: The directory '/home/ubuntu/.cache/pip/http' or its parent directory is not owned by the current user and the cache has been disabled. Please check the permissions and owner of that directory. If executing pip with sudo, you may want sudo's -H flag.
    amazon-ebs: The directory '/home/ubuntu/.cache/pip' or its parent directory is not owned by the current user and caching wheels has been disabled. check the permissions and owner of that directory. If executing pip with sudo, you may want sudo's -H flag.
    amazon-ebs: Requirement already satisfied (use --upgrade to upgrade): httplib2 in /usr/local/lib/python3.5/dist-packages
    amazon-ebs: You are using pip version 8.1.1, however version 9.0.1 is available.
    amazon-ebs: You should consider upgrading via the 'pip install --upgrade pip' command.
    amazon-ebs: The directory '/home/ubuntu/.cache/pip/http' or its parent directory is not owned by the current user and the cache has been disabled. Please check the permissions and owner of that directory. If executing pip with sudo, you may want sudo's -H flag.
    amazon-ebs: The directory '/home/ubuntu/.cache/pip' or its parent directory is not owned by the current user and caching wheels has been disabled. check the permissions and owner of that directory. If executing pip with sudo, you may want sudo's -H flag.
    amazon-ebs: Requirement already satisfied (use --upgrade to upgrade): oauth2client in /usr/local/lib/python3.5/dist-packages
    amazon-ebs: Requirement already satisfied (use --upgrade to upgrade): pyasn1-modules>=0.0.5 in /usr/local/lib/python3.5/dist-packages (from oauth2client)
    amazon-ebs: Requirement already satisfied (use --upgrade to upgrade): httplib2>=0.9.1 in /usr/local/lib/python3.5/dist-packages (from oauth2client)
    amazon-ebs: Requirement already satisfied (use --upgrade to upgrade): rsa>=3.1.4 in /usr/local/lib/python3.5/dist-packages (from oauth2client)
    amazon-ebs: Requirement already satisfied (use --upgrade to upgrade): six>=1.6.1 in /usr/local/lib/python3.5/dist-packages (from oauth2client)
    amazon-ebs: Requirement already satisfied (use --upgrade to upgrade): pyasn1>=0.1.7 in /usr/local/lib/python3.5/dist-packages (from oauth2client)
    amazon-ebs: You are using pip version 8.1.1, however version 9.0.1 is available.
    amazon-ebs: You should consider upgrading via the 'pip install --upgrade pip' command.
    amazon-ebs: The directory '/home/ubuntu/.cache/pip/http' or its parent directory is not owned by the current user and the cache has been disabled. Please check the permissions and owner of that directory. If executing pip with sudo, you may want sudo's -H flag.
    amazon-ebs: The directory '/home/ubuntu/.cache/pip' or its parent directory is not owned by the current user and caching wheels has been disabled. check the permissions and owner of that directory. If executing pip with sudo, you may want sudo's -H flag.
    amazon-ebs: Requirement already satisfied (use --upgrade to upgrade): oauthlib in /usr/lib/python3/dist-packages
    amazon-ebs: You are using pip version 8.1.1, however version 9.0.1 is available.
    amazon-ebs: You should consider upgrading via the 'pip install --upgrade pip' command.
    amazon-ebs: The directory '/home/ubuntu/.cache/pip/http' or its parent directory is not owned by the current user and the cache has been disabled. Please check the permissions and owner of that directory. If executing pip with sudo, you may want sudo's -H flag.
    amazon-ebs: The directory '/home/ubuntu/.cache/pip' or its parent directory is not owned by the current user and caching wheels has been disabled. check the permissions and owner of that directory. If executing pip with sudo, you may want sudo's -H flag.
    amazon-ebs: Requirement already satisfied (use --upgrade to upgrade): urllib3 in /usr/lib/python3/dist-packages
    amazon-ebs: You are using pip version 8.1.1, however version 9.0.1 is available.
    amazon-ebs: You should consider upgrading via the 'pip install --upgrade pip' command.
    amazon-ebs: The directory '/home/ubuntu/.cache/pip/http' or its parent directory is not owned by the current user and the cache has been disabled. Please check the permissions and owner of that directory. If executing pip with sudo, you may want sudo's -H flag.
    amazon-ebs: The directory '/home/ubuntu/.cache/pip' or its parent directory is not owned by the current user and caching wheels has been disabled. check the permissions and owner of that directory. If executing pip with sudo, you may want sudo's -H flag.
    amazon-ebs: Collecting boto3
    amazon-ebs: Downloading boto3-1.5.7-py2.py3-none-any.whl (128kB)
    amazon-ebs: Requirement already satisfied (use --upgrade to upgrade): s3transfer<0.2.0,>=0.1.10 in /usr/local/lib/python3.5/dist-packages (from boto3)
    amazon-ebs: Requirement already satisfied (use --upgrade to upgrade): botocore<1.9.0,>=1.8.21 in /usr/local/lib/python3.5/dist-packages (from boto3)
    amazon-ebs: Requirement already satisfied (use --upgrade to upgrade): jmespath<1.0.0,>=0.7.1 in /usr/local/lib/python3.5/dist-packages (from boto3)
    amazon-ebs: Requirement already satisfied (use --upgrade to upgrade): docutils>=0.10 in /usr/local/lib/python3.5/dist-packages (from botocore<1.9.0,>=1.8.21->boto3)
    amazon-ebs: Requirement already satisfied (use --upgrade to upgrade): python-dateutil<3.0.0,>=2.1 in /usr/local/lib/python3.5/dist-packages (from botocore<1.9.0,>=1.8.21->boto3)
    amazon-ebs: Requirement already satisfied (use --upgrade to upgrade): six>=1.5 in /usr/local/lib/python3.5/dist-packages (from python-dateutil<3.0.0,>=2.1->botocore<1.9.0,>=1.8.21->boto3)
    amazon-ebs: Installing collected packages: boto3
    amazon-ebs: Successfully installed boto3-1.5.7
    amazon-ebs: You are using pip version 8.1.1, however version 9.0.1 is available.
    amazon-ebs: You should consider upgrading via the 'pip install --upgrade pip' command.
==> amazon-ebs: Stopping the source instance...
==> amazon-ebs: Waiting for the instance to stop...
==> amazon-ebs: Creating the AMI: cleo-wordpress-ami 1514814427
    amazon-ebs: AMI: ami-c93872b3
==> amazon-ebs: Waiting for AMI to become ready...
==> amazon-ebs: Adding tags to AMI (ami-c93872b3)...
==> amazon-ebs: Tagging snapshot: snap-008e32ced8ab5db0a
==> amazon-ebs: Tagging snapshot: snap-0ecf7111e6ddce5dd
==> amazon-ebs: Creating AMI tags
    amazon-ebs: Adding tag: "type": "wordpress-ami-packer"
==> amazon-ebs: Creating snapshot tags
==> amazon-ebs: Terminating the source AWS instance...
==> amazon-ebs: Cleaning up any extra volumes...
==> amazon-ebs: Destroying volume (vol-0e8dfc77718a3ef81)...
==> amazon-ebs: Error deleting volume: InvalidVolume.NotFound: The volume 'vol-0e8dfc77718a3ef81' does not exist.
==> amazon-ebs: 	status code: 400, request id: 35a8a23a-8c11-46e9-9550-cf7b0eef4a5c
==> amazon-ebs: Deleting temporary security group...
==> amazon-ebs: Deleting temporary keypair...
Build 'amazon-ebs' finished.

==> Builds finished. The artifacts of successful builds are:
--> amazon-ebs: AMIs were created:

us-east-1: ami-c93872b3
dashp@3901C504865LM:~/Desktop/cleo/Packer$
